Performing C SOURCE FILE Test CMAKE_HAVE_LIBC_PTHREAD failed with the following output:
Change Dir: /home/elhadji/Bureau/chps2021/TD2_simulator_archi/Release/CMakeFiles/CMakeTmp

Run Build Command(s):/usr/bin/make cmTC_b7076/fast && /usr/bin/make -f CMakeFiles/cmTC_b7076.dir/build.make CMakeFiles/cmTC_b7076.dir/build
make[1] : on entre dans le répertoire « /home/elhadji/Bureau/chps2021/TD2_simulator_archi/Release/CMakeFiles/CMakeTmp »
Building C object CMakeFiles/cmTC_b7076.dir/src.c.o
/usr/bin/cc   -DCMAKE_HAVE_LIBC_PTHREAD   -o CMakeFiles/cmTC_b7076.dir/src.c.o   -c /home/elhadji/Bureau/chps2021/TD2_simulator_archi/Release/CMakeFiles/CMakeTmp/src.c
Linking C executable cmTC_b7076
/usr/bin/cmake -E cmake_link_script CMakeFiles/cmTC_b7076.dir/link.txt --verbose=1
/usr/bin/cc  -DCMAKE_HAVE_LIBC_PTHREAD    -rdynamic CMakeFiles/cmTC_b7076.dir/src.c.o  -o cmTC_b7076 
/usr/bin/ld : CMakeFiles/cmTC_b7076.dir/src.c.o : dans la fonction « main » :
src.c:(.text+0x46) : référence indéfinie vers « pthread_create »
/usr/bin/ld : src.c:(.text+0x52) : référence indéfinie vers « pthread_detach »
/usr/bin/ld : src.c:(.text+0x63) : référence indéfinie vers « pthread_join »
collect2: error: ld returned 1 exit status
make[1]: *** [CMakeFiles/cmTC_b7076.dir/build.make:87 : cmTC_b7076] Erreur 1
make[1] : on quitte le répertoire « /home/elhadji/Bureau/chps2021/TD2_simulator_archi/Release/CMakeFiles/CMakeTmp »
make: *** [Makefile:121 : cmTC_b7076/fast] Erreur 2


Source file was:
#include <pthread.h>

void* test_func(void* data)
{
  return data;
}

int main(void)
{
  pthread_t thread;
  pthread_create(&thread, NULL, test_func, NULL);
  pthread_detach(thread);
  pthread_join(thread, NULL);
  pthread_atfork(NULL, NULL, NULL);
  pthread_exit(NULL);

  return 0;
}

Determining if the function pthread_create exists in the pthreads failed with the following output:
Change Dir: /home/elhadji/Bureau/chps2021/TD2_simulator_archi/Release/CMakeFiles/CMakeTmp

Run Build Command(s):/usr/bin/make cmTC_e796e/fast && /usr/bin/make -f CMakeFiles/cmTC_e796e.dir/build.make CMakeFiles/cmTC_e796e.dir/build
make[1] : on entre dans le répertoire « /home/elhadji/Bureau/chps2021/TD2_simulator_archi/Release/CMakeFiles/CMakeTmp »
Building C object CMakeFiles/cmTC_e796e.dir/CheckFunctionExists.c.o
/usr/bin/cc   -DCHECK_FUNCTION_EXISTS=pthread_create   -o CMakeFiles/cmTC_e796e.dir/CheckFunctionExists.c.o   -c /usr/share/cmake-3.16/Modules/CheckFunctionExists.c
Linking C executable cmTC_e796e
/usr/bin/cmake -E cmake_link_script CMakeFiles/cmTC_e796e.dir/link.txt --verbose=1
/usr/bin/cc  -DCHECK_FUNCTION_EXISTS=pthread_create    -rdynamic CMakeFiles/cmTC_e796e.dir/CheckFunctionExists.c.o  -o cmTC_e796e  -lpthreads 
/usr/bin/ld : ne peut trouver -lpthreads
collect2: error: ld returned 1 exit status
make[1]: *** [CMakeFiles/cmTC_e796e.dir/build.make:87 : cmTC_e796e] Erreur 1
make[1] : on quitte le répertoire « /home/elhadji/Bureau/chps2021/TD2_simulator_archi/Release/CMakeFiles/CMakeTmp »
make: *** [Makefile:121 : cmTC_e796e/fast] Erreur 2



Performing C SOURCE FILE Test CMAKE_HAVE_LIBC_PTHREAD failed with the following output:
Change Dir: /home/elhadji/Bureau/chps2021/TD2_simulator_archi/Release/CMakeFiles/CMakeTmp

Run Build Command(s):/usr/bin/make cmTC_72cdf/fast && /usr/bin/make -f CMakeFiles/cmTC_72cdf.dir/build.make CMakeFiles/cmTC_72cdf.dir/build
make[1] : on entre dans le répertoire « /home/elhadji/Bureau/chps2021/TD2_simulator_archi/Release/CMakeFiles/CMakeTmp »
Building C object CMakeFiles/cmTC_72cdf.dir/src.c.o
/usr/bin/cc   -DCMAKE_HAVE_LIBC_PTHREAD   -o CMakeFiles/cmTC_72cdf.dir/src.c.o   -c /home/elhadji/Bureau/chps2021/TD2_simulator_archi/Release/CMakeFiles/CMakeTmp/src.c
Linking C executable cmTC_72cdf
/usr/bin/cmake -E cmake_link_script CMakeFiles/cmTC_72cdf.dir/link.txt --verbose=1
/usr/bin/cc  -DCMAKE_HAVE_LIBC_PTHREAD    -rdynamic CMakeFiles/cmTC_72cdf.dir/src.c.o  -o cmTC_72cdf 
/usr/bin/ld : CMakeFiles/cmTC_72cdf.dir/src.c.o : dans la fonction « main » :
src.c:(.text+0x46) : référence indéfinie vers « pthread_create »
/usr/bin/ld : src.c:(.text+0x52) : référence indéfinie vers « pthread_detach »
/usr/bin/ld : src.c:(.text+0x63) : référence indéfinie vers « pthread_join »
collect2: error: ld returned 1 exit status
make[1]: *** [CMakeFiles/cmTC_72cdf.dir/build.make:87 : cmTC_72cdf] Erreur 1
make[1] : on quitte le répertoire « /home/elhadji/Bureau/chps2021/TD2_simulator_archi/Release/CMakeFiles/CMakeTmp »
make: *** [Makefile:121 : cmTC_72cdf/fast] Erreur 2


Source file was:
#include <pthread.h>

void* test_func(void* data)
{
  return data;
}

int main(void)
{
  pthread_t thread;
  pthread_create(&thread, NULL, test_func, NULL);
  pthread_detach(thread);
  pthread_join(thread, NULL);
  pthread_atfork(NULL, NULL, NULL);
  pthread_exit(NULL);

  return 0;
}

Determining if the function pthread_create exists in the pthreads failed with the following output:
Change Dir: /home/elhadji/Bureau/chps2021/TD2_simulator_archi/Release/CMakeFiles/CMakeTmp

Run Build Command(s):/usr/bin/make cmTC_d24f2/fast && /usr/bin/make -f CMakeFiles/cmTC_d24f2.dir/build.make CMakeFiles/cmTC_d24f2.dir/build
make[1] : on entre dans le répertoire « /home/elhadji/Bureau/chps2021/TD2_simulator_archi/Release/CMakeFiles/CMakeTmp »
Building C object CMakeFiles/cmTC_d24f2.dir/CheckFunctionExists.c.o
/usr/bin/cc   -DCHECK_FUNCTION_EXISTS=pthread_create   -o CMakeFiles/cmTC_d24f2.dir/CheckFunctionExists.c.o   -c /usr/share/cmake-3.16/Modules/CheckFunctionExists.c
Linking C executable cmTC_d24f2
/usr/bin/cmake -E cmake_link_script CMakeFiles/cmTC_d24f2.dir/link.txt --verbose=1
/usr/bin/cc  -DCHECK_FUNCTION_EXISTS=pthread_create    -rdynamic CMakeFiles/cmTC_d24f2.dir/CheckFunctionExists.c.o  -o cmTC_d24f2  -lpthreads 
/usr/bin/ld : ne peut trouver -lpthreads
collect2: error: ld returned 1 exit status
make[1]: *** [CMakeFiles/cmTC_d24f2.dir/build.make:87 : cmTC_d24f2] Erreur 1
make[1] : on quitte le répertoire « /home/elhadji/Bureau/chps2021/TD2_simulator_archi/Release/CMakeFiles/CMakeTmp »
make: *** [Makefile:121 : cmTC_d24f2/fast] Erreur 2



Performing C SOURCE FILE Test CMAKE_HAVE_LIBC_PTHREAD failed with the following output:
Change Dir: /home/elhadji/Bureau/chps2021/TD2_simulator_archi/Release/CMakeFiles/CMakeTmp

Run Build Command(s):/usr/bin/make cmTC_e4e79/fast && /usr/bin/make -f CMakeFiles/cmTC_e4e79.dir/build.make CMakeFiles/cmTC_e4e79.dir/build
make[1] : on entre dans le répertoire « /home/elhadji/Bureau/chps2021/TD2_simulator_archi/Release/CMakeFiles/CMakeTmp »
Building C object CMakeFiles/cmTC_e4e79.dir/src.c.o
/usr/bin/cc   -DCMAKE_HAVE_LIBC_PTHREAD   -o CMakeFiles/cmTC_e4e79.dir/src.c.o   -c /home/elhadji/Bureau/chps2021/TD2_simulator_archi/Release/CMakeFiles/CMakeTmp/src.c
Linking C executable cmTC_e4e79
/usr/bin/cmake -E cmake_link_script CMakeFiles/cmTC_e4e79.dir/link.txt --verbose=1
/usr/bin/cc  -DCMAKE_HAVE_LIBC_PTHREAD    -rdynamic CMakeFiles/cmTC_e4e79.dir/src.c.o  -o cmTC_e4e79 
/usr/bin/ld : CMakeFiles/cmTC_e4e79.dir/src.c.o : dans la fonction « main » :
src.c:(.text+0x46) : référence indéfinie vers « pthread_create »
/usr/bin/ld : src.c:(.text+0x52) : référence indéfinie vers « pthread_detach »
/usr/bin/ld : src.c:(.text+0x63) : référence indéfinie vers « pthread_join »
collect2: error: ld returned 1 exit status
make[1]: *** [CMakeFiles/cmTC_e4e79.dir/build.make:87 : cmTC_e4e79] Erreur 1
make[1] : on quitte le répertoire « /home/elhadji/Bureau/chps2021/TD2_simulator_archi/Release/CMakeFiles/CMakeTmp »
make: *** [Makefile:121 : cmTC_e4e79/fast] Erreur 2


Source file was:
#include <pthread.h>

void* test_func(void* data)
{
  return data;
}

int main(void)
{
  pthread_t thread;
  pthread_create(&thread, NULL, test_func, NULL);
  pthread_detach(thread);
  pthread_join(thread, NULL);
  pthread_atfork(NULL, NULL, NULL);
  pthread_exit(NULL);

  return 0;
}

Determining if the function pthread_create exists in the pthreads failed with the following output:
Change Dir: /home/elhadji/Bureau/chps2021/TD2_simulator_archi/Release/CMakeFiles/CMakeTmp

Run Build Command(s):/usr/bin/make cmTC_a95dd/fast && /usr/bin/make -f CMakeFiles/cmTC_a95dd.dir/build.make CMakeFiles/cmTC_a95dd.dir/build
make[1] : on entre dans le répertoire « /home/elhadji/Bureau/chps2021/TD2_simulator_archi/Release/CMakeFiles/CMakeTmp »
Building C object CMakeFiles/cmTC_a95dd.dir/CheckFunctionExists.c.o
/usr/bin/cc   -DCHECK_FUNCTION_EXISTS=pthread_create   -o CMakeFiles/cmTC_a95dd.dir/CheckFunctionExists.c.o   -c /usr/share/cmake-3.16/Modules/CheckFunctionExists.c
Linking C executable cmTC_a95dd
/usr/bin/cmake -E cmake_link_script CMakeFiles/cmTC_a95dd.dir/link.txt --verbose=1
/usr/bin/cc  -DCHECK_FUNCTION_EXISTS=pthread_create    -rdynamic CMakeFiles/cmTC_a95dd.dir/CheckFunctionExists.c.o  -o cmTC_a95dd  -lpthreads 
/usr/bin/ld : ne peut trouver -lpthreads
collect2: error: ld returned 1 exit status
make[1]: *** [CMakeFiles/cmTC_a95dd.dir/build.make:87 : cmTC_a95dd] Erreur 1
make[1] : on quitte le répertoire « /home/elhadji/Bureau/chps2021/TD2_simulator_archi/Release/CMakeFiles/CMakeTmp »
make: *** [Makefile:121 : cmTC_a95dd/fast] Erreur 2



